<?xml version="1.0" encoding="UTF-8"?>
<!-- Generated by org.testng.reporters.JUnitXMLReporter -->
<testsuite ignored="0" hostname="LAPTOP-30A2M6SH" failures="0" tests="3" name="cartpagetest" time="8.317" errors="0" timestamp="2024-12-28T15:11:55 IST">
  <testcase classname="com.EcommercepageFactorys.tests.cartPageTestPF" name="verifyplaceoder" time="2.757"/>
  <testcase classname="com.EcommercepageFactorys.tests.cartPageTestPF" name="verifypurchasedetailsandCheckout" time="0.608"/>
  <testcase classname="com.EcommercepageFactorys.tests.cartPageTestPF" name="verifyPurchaseOrder" time="0.06"/>
</testsuite> <!-- cartpagetest -->
