<?xml version="1.0" encoding="UTF-8"?>
<!-- Generated by org.testng.reporters.JUnitXMLReporter -->
<testsuite ignored="0" hostname="LAPTOP-30A2M6SH" failures="0" tests="2" name="homepagetest" time="7.431" errors="0" timestamp="2024-12-28T15:11:38 IST">
  <testcase classname="com.EcommercepageFactorys.tests.HomepageTestPF" name="verifyRegistration" time="1.625"/>
  <testcase classname="com.EcommercepageFactorys.tests.HomepageTestPF" name="verifylogin" time="2.216"/>
</testsuite> <!-- homepagetest -->
